<?xml version="1.0" encoding="UTF-8"?>
<!-- Generated by org.testng.reporters.JUnitReportReporter -->
<testsuite hostname="DESKTOP-Q2RM1HI" failures="0" tests="3" name="pomTests.Login" time="8.671" errors="0" timestamp="2021-12-31T13:13:52 IST" skipped="0">
  <testcase classname="pomTests.Login" name="verifyLogo" time="0.252"/>
  <system-out/>
  <testcase classname="pomTests.Login" name="verifyTitle" time="0.138"/>
  <system-out/>
  <testcase classname="pomTests.Login" name="login" time="8.281"/>
  <system-out/>
</testsuite> <!-- pomTests.Login -->
