<?xml version="1.0" encoding="UTF-8"?>
<!-- Generated by org.testng.reporters.JUnitReportReporter -->
<testsuite hostname="DESKTOP-Q2RM1HI" failures="0" tests="5" name="pomTests.SearchCustomer" time="32.799" errors="0" timestamp="2021-12-31T13:13:52 IST" skipped="1">
  <testcase classname="pomTests.SearchCustomer" name="loginCusts" time="6.611"/>
  <system-out/>
  <testcase classname="pomTests.SearchCustomer" name="clickCustomer1" time="1.487"/>
  <system-out/>
  <testcase classname="pomTests.SearchCustomer" name="clickSubCustomer2" time="3.875"/>
  <system-out/>
  <testcase classname="pomTests.SearchCustomer" name="searchTheCustomer" time="12.390"/>
  <system-out/>
  <testcase classname="pomTests.SearchCustomer" name="searchTheCustomer" time="8.436">
    <skipped/>
  </testcase> <!-- searchTheCustomer -->
  <system-out/>
</testsuite> <!-- pomTests.SearchCustomer -->
