<?xml version="1.0" encoding="UTF-8"?>
<!-- Generated by org.testng.reporters.JUnitReportReporter -->
<testsuite hostname="DESKTOP-Q2RM1HI" failures="0" tests="1" name="log4j.Sample" time="5.019" errors="0" timestamp="2022-01-13T20:11:13 IST" skipped="0">
  <testcase classname="log4j.Sample" name="login" time="5.019"/>
  <system-out/>
</testsuite> <!-- log4j.Sample -->
