<?xml version="1.0" encoding="UTF-8"?>
<!-- Generated by org.testng.reporters.JUnitReportReporter -->
<testsuite hostname="DESKTOP-Q2RM1HI" failures="0" tests="2" name="crossBrowserTesting.CrossBrowserExample" time="25.942" errors="0" timestamp="2021-12-27T18:08:46 IST" skipped="0">
  <testcase classname="crossBrowserTesting.CrossBrowserExample" name="login" time="14.383"/>
  <system-out/>
  <testcase classname="crossBrowserTesting.CrossBrowserExample" name="login" time="11.559"/>
  <system-out/>
</testsuite> <!-- crossBrowserTesting.CrossBrowserExample -->
