<?xml version="1.0" encoding="UTF-8"?>
<!-- Generated by org.testng.reporters.JUnitReportReporter -->
<testsuite hostname="DESKTOP-Q2RM1HI" failures="0" tests="5" name="nopTests.SearchCustomer" time="29.811" errors="0" timestamp="2021-12-31T09:23:10 IST" skipped="1">
  <testcase classname="nopTests.SearchCustomer" name="loginCusts" time="4.929"/>
  <system-out/>
  <testcase classname="nopTests.SearchCustomer" name="clickCustomer1" time="1.115"/>
  <system-out/>
  <testcase classname="nopTests.SearchCustomer" name="clickSubCustomer2" time="3.240"/>
  <system-out/>
  <testcase classname="nopTests.SearchCustomer" name="searchTheCustomer" time="8.176">
    <skipped/>
  </testcase> <!-- searchTheCustomer -->
  <system-out/>
  <testcase classname="nopTests.SearchCustomer" name="searchTheCustomer" time="12.351"/>
  <system-out/>
</testsuite> <!-- nopTests.SearchCustomer -->
