<?xml version="1.0" encoding="UTF-8"?>
<!-- Generated by org.testng.reporters.JUnitReportReporter -->
<testsuite hostname="DESKTOP-Q2RM1HI" failures="0" tests="1" name="utility.ExtendReports" time="0.359" errors="0" timestamp="2021-12-30T16:00:50 IST" skipped="0">
  <testcase classname="utility.ExtendReports" name="onStart" time="0.359"/>
  <system-out/>
</testsuite> <!-- utility.ExtendReports -->
