<?xml version="1.0" encoding="UTF-8"?>
<!-- Generated by org.testng.reporters.JUnitReportReporter -->
<testsuite hostname="DESKTOP-Q2RM1HI" failures="0" tests="2" name="ParalleleExe.SampleTestNGTest1" time="19.668" errors="0" timestamp="2021-12-27T17:43:31 IST" skipped="0">
  <testcase classname="ParalleleExe.SampleTestNGTest1" name="Logout" time="17.108"/>
  <system-out/>
  <testcase classname="ParalleleExe.SampleTestNGTest1" name="Login" time="2.560"/>
  <system-out/>
</testsuite> <!-- ParalleleExe.SampleTestNGTest1 -->
