<?xml version="1.0" encoding="UTF-8"?>
<!-- Generated by org.testng.reporters.JUnitReportReporter -->
<testsuite hostname="DESKTOP-Q2RM1HI" failures="0" tests="1" name="usingPOM.HRMLogin" time="0.939" errors="0" timestamp="2021-12-30T15:26:14 IST" skipped="0">
  <testcase classname="usingPOM.HRMLogin" name="Login" time="0.939"/>
  <system-out/>
</testsuite> <!-- usingPOM.HRMLogin -->
