<?xml version="1.0" encoding="UTF-8"?>
<!-- Generated by org.testng.reporters.JUnitReportReporter -->
<testsuite hostname="DESKTOP-Q2RM1HI" failures="0" tests="3" name="nopTests.AddCustomer" time="11.323" errors="0" timestamp="2021-12-31T09:23:10 IST" skipped="0">
  <testcase classname="nopTests.AddCustomer" name="loginCusts" time="5.199"/>
  <system-out/>
  <testcase classname="nopTests.AddCustomer" name="addCustomerDetails" time="5.336"/>
  <system-out/>
  <testcase classname="nopTests.AddCustomer" name="logout" time="0.788"/>
  <system-out/>
</testsuite> <!-- nopTests.AddCustomer -->
