<?xml version="1.0" encoding="UTF-8"?>
<!-- Generated by org.testng.reporters.JUnitReportReporter -->
<testsuite hostname="DESKTOP-Q2RM1HI" failures="0" tests="3" name="pomTests.AddCustomer" time="14.186" errors="0" timestamp="2021-12-31T10:26:44 IST" skipped="0">
  <testcase classname="pomTests.AddCustomer" name="loginCusts" time="7.337"/>
  <system-out/>
  <testcase classname="pomTests.AddCustomer" name="addCustomerDetails" time="5.457"/>
  <system-out/>
  <testcase classname="pomTests.AddCustomer" name="logout" time="1.392"/>
  <system-out/>
</testsuite> <!-- pomTests.AddCustomer -->
