<?xml version="1.0" encoding="UTF-8"?>
<!-- Generated by org.testng.reporters.JUnitReportReporter -->
<testsuite hostname="DESKTOP-Q2RM1HI" failures="0" tests="2" name="PractiseTestNG.SampleTestNGTest1" time="15.891" errors="0" timestamp="2021-12-22T12:37:46 IST" skipped="0">
  <testcase classname="PractiseTestNG.SampleTestNGTest1" name="Login" time="1.237"/>
  <system-out/>
  <testcase classname="PractiseTestNG.SampleTestNGTest1" name="Logout" time="14.654"/>
  <system-out/>
</testsuite> <!-- PractiseTestNG.SampleTestNGTest1 -->
