<?xml version="1.0" encoding="UTF-8"?>
<!-- Generated by org.testng.reporters.JUnitReportReporter -->
<testsuite hostname="DESKTOP-Q2RM1HI" failures="0" tests="2" name="dataprovider.DataProviderEx1" time="32.050" errors="0" timestamp="2021-12-23T12:28:59 IST" skipped="0">
  <testcase classname="dataprovider.DataProviderEx1" name="Login" time="8.505"/>
  <system-out/>
  <testcase classname="dataprovider.DataProviderEx1" name="Login" time="23.545"/>
  <system-out/>
</testsuite> <!-- dataprovider.DataProviderEx1 -->
