<?xml version="1.0" encoding="UTF-8"?>
<!-- Generated by org.testng.reporters.JUnitReportReporter -->
<testsuite hostname="DESKTOP-Q2RM1HI" failures="0" tests="1" name="mavenProjUsingJavaScript.JavaScriptEx1" time="7.206" errors="0" timestamp="2021-12-21T15:13:04 IST" skipped="0">
  <testcase classname="mavenProjUsingJavaScript.JavaScriptEx1" name="ProdSelect" time="7.206"/>
  <system-out/>
</testsuite> <!-- mavenProjUsingJavaScript.JavaScriptEx1 -->
