<?xml version="1.0" encoding="UTF-8"?>
<!-- Generated by org.testng.reporters.JUnitReportReporter -->
<testsuite hostname="DESKTOP-Q2RM1HI" failures="0" tests="3" name="nopTests.Login" time="5.889" errors="0" timestamp="2021-12-31T09:23:10 IST" skipped="0">
  <testcase classname="nopTests.Login" name="verifyLogo" time="0.104"/>
  <system-out/>
  <testcase classname="nopTests.Login" name="verifyTitle" time="0.018"/>
  <system-out/>
  <testcase classname="nopTests.Login" name="login" time="5.767"/>
  <system-out/>
</testsuite> <!-- nopTests.Login -->
