<?xml version="1.0" encoding="UTF-8"?>
<!-- Generated by org.testng.reporters.JUnitReportReporter -->
<testsuite hostname="DESKTOP-Q2RM1HI" failures="0" tests="1" name="ParalleleExe.WindowhandleEx1" time="9.272" errors="0" timestamp="2021-12-27T17:43:31 IST" skipped="0">
  <testcase classname="ParalleleExe.WindowhandleEx1" name="Login" time="9.272"/>
  <system-out/>
</testsuite> <!-- ParalleleExe.WindowhandleEx1 -->
