<?xml version="1.0" encoding="UTF-8"?>
<!-- Generated by org.testng.reporters.JUnitReportReporter -->
<testsuite hostname="DESKTOP-Q2RM1HI" failures="0" tests="3" name="pomTests.AddCustomer_throughProp" time="17.992" errors="0" timestamp="2021-12-31T13:13:52 IST" skipped="0">
  <testcase classname="pomTests.AddCustomer_throughProp" name="loginCusts" time="9.361"/>
  <system-out/>
  <testcase classname="pomTests.AddCustomer_throughProp" name="addCustomerDetails" time="5.986"/>
  <system-out/>
  <testcase classname="pomTests.AddCustomer_throughProp" name="logout" time="2.645"/>
  <system-out/>
</testsuite> <!-- pomTests.AddCustomer_throughProp -->
