<?xml version="1.0" encoding="UTF-8"?>
<!-- Generated by org.testng.reporters.JUnitReportReporter -->
<testsuite hostname="DESKTOP-Q2RM1HI" failures="0" tests="1" name="usingPOM.LoginCust" time="4.104" errors="0" timestamp="2021-12-31T07:11:17 IST" skipped="0">
  <testcase classname="usingPOM.LoginCust" name="login" time="4.104"/>
  <system-out/>
</testsuite> <!-- usingPOM.LoginCust -->
