<?xml version="1.0" encoding="UTF-8"?>
<!-- Generated by org.testng.reporters.JUnitReportReporter -->
<testsuite skipped="0" hostname="DESKTOP-Q2RM1HI" name="pomTests.Login" tests="3" failures="0" timestamp="2022-01-11T12:42:15 IST" time="14.435" errors="0">
  <testcase name="verifyLogo" time="0.116" classname="pomTests.Login"/>
  <system-out/>
  <testcase name="verifyTitle" time="0.008" classname="pomTests.Login"/>
  <system-out/>
  <testcase name="login" time="14.311" classname="pomTests.Login"/>
  <system-out/>
</testsuite> <!-- pomTests.Login -->
