<?xml version="1.0" encoding="UTF-8"?>
<!-- Generated by org.testng.reporters.JUnitReportReporter -->
<testsuite hostname="DESKTOP-Q2RM1HI" failures="0" tests="2" name="pomTests.AddCus_throughXl" time="42.513" errors="0" timestamp="2022-01-07T15:01:37 IST" skipped="0">
  <testcase classname="pomTests.AddCus_throughXl" name="loginCusts" time="6.647"/>
  <system-out/>
  <testcase classname="pomTests.AddCus_throughXl" name="RegistrationDataDrivernTest" time="35.866"/>
  <system-out/>
</testsuite> <!-- pomTests.AddCus_throughXl -->
