<?xml version="1.0" encoding="UTF-8"?>
<!-- Generated by org.testng.reporters.JUnitReportReporter -->
<testsuite skipped="1" hostname="DESKTOP-Q2RM1HI" name="pomTests.SearchCustomer" tests="5" failures="0" timestamp="2022-01-11T12:42:15 IST" time="39.665" errors="0">
  <testcase name="loginCusts" time="13.984" classname="pomTests.SearchCustomer"/>
  <system-out/>
  <testcase name="clickCustomer1" time="1.150" classname="pomTests.SearchCustomer"/>
  <system-out/>
  <testcase name="clickSubCustomer2" time="3.756" classname="pomTests.SearchCustomer"/>
  <system-out/>
  <testcase name="searchTheCustomer" time="8.272" classname="pomTests.SearchCustomer">
    <skipped/>
  </testcase> <!-- searchTheCustomer -->
  <system-out/>
  <testcase name="searchTheCustomer" time="12.503" classname="pomTests.SearchCustomer"/>
  <system-out/>
</testsuite> <!-- pomTests.SearchCustomer -->
