<?xml version="1.0" encoding="UTF-8"?>
<!-- Generated by org.testng.reporters.JUnitReportReporter -->
<testsuite hostname="DESKTOP-Q2RM1HI" failures="0" tests="3" name="pomTests.AddCustomer_throughProp" time="13.922" errors="0" timestamp="2022-01-07T15:01:37 IST" skipped="0">
  <testcase classname="pomTests.AddCustomer_throughProp" name="loginCusts" time="6.846"/>
  <system-out/>
  <testcase classname="pomTests.AddCustomer_throughProp" name="addCustomerDetails" time="5.834"/>
  <system-out/>
  <testcase classname="pomTests.AddCustomer_throughProp" name="logout" time="1.242"/>
  <system-out/>
</testsuite> <!-- pomTests.AddCustomer_throughProp -->
